{"date":"2025-03-15T21:14:30.085Z","url":"/%20signup?email=q%40gmail.com&password=q&password=q","method":"GET"}
{"date":"2025-03-15T21:14:30.236Z","url":"/favicon.ico","method":"GET"}
{"date":"2025-03-15T21:14:30.748Z","url":"/%20home","method":"GET"}
{"date":"2025-03-15T21:14:31.911Z","url":"/%20home","method":"GET"}
{"date":"2025-03-15T21:14:46.792Z","url":"/api/user/signin","method":"POST"}
{"date":"2025-03-15T21:14:48.466Z","url":"/api/user/signin","method":"POST"}
{"date":"2025-03-15T21:14:49.522Z","url":"/api/user/signin","method":"POST"}
{"date":"2025-03-15T21:15:57.703Z","url":"/api/user/signin","method":"POST"}
{"date":"2025-03-15T21:58:12.555Z","url":"/%20signup?email=g%40gmail.com&password=g&password=g","method":"GET"}
{"date":"2025-03-15T21:59:03.362Z","url":"/%20signup?email=g%40gmail.com&password=g&password=g","method":"GET"}
{"date":"2025-03-15T22:00:52.984Z","url":"/%20signup?email=g%40gmail.com&password=g&password=g","method":"GET"}
{"date":"2025-03-15T22:02:09.027Z","url":"/%20signup?email=g%40gmail.com&password=g&password=g","method":"GET"}
{"date":"2025-03-15T22:02:25.634Z","url":"/css/bootstrap.min.css.map","method":"GET"}
{"date":"2025-03-15T22:02:25.674Z","url":"/css/bootstrap.min.css.map","method":"GET"}
{"date":"2025-03-15T22:05:11.643Z","url":"/%20signup?email=g%40gmail.com&password=g&password=g","method":"GET"}
{"date":"2025-03-15T22:05:45.849Z","url":"/%20signup?email=g%40gmail.com&password=g&password=g","method":"GET"}
{"date":"2025-03-15T22:06:10.193Z","url":"/%20signup?email=g%40gmail.com&password=g&password=g","method":"GET"}
{"date":"2025-03-15T22:06:21.477Z","url":"/%20signup?email=g%40gmail.com&password=g&password=g","method":"GET"}
{"date":"2025-03-15T22:10:47.907Z","url":"/%20signup?email=g%40gmail.com&password=g&password=g","method":"GET"}
{"date":"2025-03-15T22:10:57.759Z","url":"/favicon.ico","method":"GET"}
{"date":"2025-03-15T22:11:07.697Z","url":"/favicon.ico","method":"GET"}
{"date":"2025-03-15T22:11:17.343Z","url":"/%20signup?email=g%40gmail.com&password=g&password=g","method":"GET"}
{"date":"2025-03-15T22:14:35.875Z","url":"/%20signup?email=g%40gmail.com&password=g&password=g","method":"GET"}
{"date":"2025-03-15T22:15:19.188Z","url":"/%20signup?email=g%40gmail.com&password=g&password=g","method":"GET"}
{"date":"2025-03-15T22:15:34.071Z","url":"/css/bootstrap.min.css.map","method":"GET"}
{"date":"2025-03-15T22:15:39.092Z","url":"/%20signup?email=g%40gmail.com&password=g&password=g","method":"GET"}
{"date":"2025-03-15T22:15:40.069Z","url":"/favicon.ico","method":"GET"}
{"date":"2025-03-15T22:15:48.611Z","url":"/%20signup","method":"GET"}
{"date":"2025-03-15T22:16:04.384Z","url":"/css/bootstrap.min.css.map","method":"GET"}
{"date":"2025-03-15T22:17:08.104Z","url":"/css/bootstrap.min.css.map","method":"GET"}
{"date":"2025-03-15T22:17:38.705Z","url":"/%20signup","method":"GET"}
{"date":"2025-03-15T22:17:45.885Z","url":"/css/bootstrap.min.css.map","method":"GET"}
{"date":"2025-03-15T22:17:58.585Z","url":"/%20signup?email=g%40gmail.com&password=g&password=g","method":"GET"}
{"date":"2025-03-15T22:20:12.049Z","url":"/api/user/signin","method":"POST"}
{"date":"2025-03-15T22:20:13.237Z","url":"/api/user/signin","method":"POST"}
{"date":"2025-03-15T22:20:13.697Z","url":"/api/user/signin","method":"POST"}
{"date":"2025-03-15T22:20:26.399Z","url":"/%20signup?email=g%40gmail.com&password=g&password=g","method":"GET"}
{"date":"2025-03-15T22:20:27.524Z","url":"/favicon.ico","method":"GET"}
{"date":"2025-03-15T22:20:30.129Z","url":"/css/bootstrap.min.css.map","method":"GET"}
{"date":"2025-03-15T22:20:32.452Z","url":"/%20signup?email=g%40gmail.com&password=g&password=g","method":"GET"}
{"date":"2025-03-15T22:20:44.706Z","url":"/css/bootstrap.min.css.map","method":"GET"}
{"date":"2025-03-15T22:21:14.360Z","url":"/%20signup?email=g%40gmail.com&text=g&password=g","method":"GET"}
{"date":"2025-03-15T22:22:36.886Z","url":"/api/user/signin","method":"POST"}
{"date":"2025-03-15T22:22:40.078Z","url":"/%20signup?email=g%40gmail.com&password=g&confirmPassword=g","method":"GET"}
{"date":"2025-03-15T22:22:48.538Z","url":"/favicon.ico","method":"GET"}
{"date":"2025-03-15T22:28:33.694Z","url":"/css/bootstrap.min.css.map","method":"GET"}
{"date":"2025-03-15T22:28:35.664Z","url":"/%20signup?email=g%40gmail.com&password=g&confirmPassword=g","method":"GET"}
{"date":"2025-03-15T22:31:03.069Z","url":"/api/user/signin","method":"POST"}
{"date":"2025-03-15T22:31:04.673Z","url":"/api/user/signin","method":"POST"}
{"date":"2025-03-15T22:31:06.383Z","url":"/api/user/signin","method":"POST"}
{"date":"2025-03-15T22:31:09.131Z","url":"/api/user/signin","method":"POST"}
{"date":"2025-03-15T22:31:10.790Z","url":"/api/user/signin","method":"POST"}
{"date":"2025-03-15T22:31:44.652Z","url":"/api/user/signin","method":"POST"}
{"date":"2025-03-15T22:31:52.396Z","url":"/%20signup?email=h%40gmail.com&password=h&confirmPassword=h","method":"GET"}
{"date":"2025-03-15T22:39:18.048Z","url":"/css/bootstrap.min.css.map","method":"GET"}
{"date":"2025-03-15T22:39:26.033Z","url":"/%20signin?email=t%40gmail.com&password=t","method":"GET"}
{"date":"2025-03-15T22:40:24.165Z","url":"/api/user/signin","method":"POST"}
{"date":"2025-03-15T22:40:24.829Z","url":"/api/user/signin","method":"POST"}
{"date":"2025-03-15T22:40:25.917Z","url":"/api/user/signin","method":"POST"}
{"date":"2025-03-15T22:40:26.383Z","url":"/api/user/signin","method":"POST"}
{"date":"2025-03-15T22:40:37.116Z","url":"/%20signup?email=t%40gmail.com&password=t&confirmPassword=t","method":"GET"}
{"date":"2025-03-15T22:40:47.656Z","url":"/%20signup?email=h%40gmail.com&password=h&confirmPassword=h","method":"GET"}
{"date":"2025-03-15T22:42:57.519Z","url":"/%20signup?email=h%40gmail.com&password=h&confirmPassword=h","method":"GET"}
{"date":"2025-03-15T22:43:11.342Z","url":"/%20signup?email=g%40gmail.com&password=g&confirmPassword=g","method":"GET"}
{"date":"2025-03-15T22:43:24.489Z","url":"/favicon.ico","method":"GET"}
{"date":"2025-03-15T22:44:06.526Z","url":"/favicon.ico","method":"GET"}
{"date":"2025-03-15T22:44:11.999Z","url":"/css/bootstrap.min.css.map","method":"GET"}
{"date":"2025-03-15T22:44:22.582Z","url":"/%20signup?email=g%40gmail.com&password=g&confirmPassword=g","method":"GET"}
{"date":"2025-03-15T22:45:34.070Z","url":"/css/bootstrap.min.css.map","method":"GET"}
{"date":"2025-03-15T22:45:36.565Z","url":"/%20signup?email=g%40gmail.com&password=g&confirmPassword=g","method":"GET"}
{"date":"2025-03-15T22:51:26.610Z","url":"/api/user/signup","method":"POST"}
{"date":"2025-03-15T22:51:30.754Z","url":"/css/bootstrap.min.css.map","method":"GET"}
